commit 584fbead1fe7726df047c16e06631457e53aaca8
Author: jimmybradford <thefonnzy@gmail.com>
Date:   Sat Aug 9 01:37:40 2014 +0000

    Adding last few changes to search result page

commit fe65bd1e34987ebb52ff53358503e3ef2d7ae848
Author: Samantha Cooper <skc853@cs.utexas.edu>
Date:   Fri Aug 8 16:46:13 2014 -0500

    Messed up last time. Adding IDB3 revised technical report

commit 5c96a505ef9fdbb167ced74eda34ceb296979214
Author: Samantha Cooper <skc853@cs.utexas.edu>
Date:   Fri Aug 8 16:43:25 2014 -0500

    Adding revised technical report for IDB3. Fixes #56

commit c40cf40d7ccb09f5b5eb2ea8c688cdb5cfe120d5
Author: jimmybradford <thefonnzy@gmail.com>
Date:   Fri Aug 8 18:35:12 2014 +0000

    Almost done! We did a lot in this commit because we haven't been able to push in a while. Fixes #62, fixes #52, fixes #51, fixes #50, fixes #47, fixes #46

commit c967902215a62f0b3eda35516e2dd49fb838bd0d
Author: jimmybradford <thefonnzy@gmail.com>
Date:   Thu Aug 7 22:23:35 2014 +0000

    test

commit 0cbf51b3164afb5a2e432a02999b47289be7483d
Author: jimmybradford <thefonnzy@gmail.com>
Date:   Thu Aug 7 01:22:46 2014 +0000

    Search is sort of working, fixes #50, fixes #61

commit dd4a109949616ad00000a2754210db686bc558ea
Merge: 0487dda 8f61f69
Author: jimmybradford <thefonnzy@gmail.com>
Date:   Thu Aug 7 01:22:23 2014 +0000

    Merge branch 'master' of https://github.com/jimmybradford/cs373-idb

commit 0487dda093da837e681db7ebd24e2846b377be74
Author: jimmybradford <thefonnzy@gmail.com>
Date:   Thu Aug 7 01:19:58 2014 +0000

    Search is sort of working, fixes #50, fixes #61

commit 8f61f69b268ca340d545a68f6838aa628bb75e47
Author: jimmybradford <thefonnzy@gmail.com>
Date:   Mon Jul 28 17:19:15 2014 -0500

    again

commit f356dd7de70a5c94f8de6eab039cc333ea0dcfda
Author: jimmybradford <thefonnzy@gmail.com>
Date:   Mon Jul 28 17:18:09 2014 -0500

    update again zomg

commit b941d94ff46493bd2b8f32c397dd59ec6074581d
Author: jimmybradford <thefonnzy@gmail.com>
Date:   Mon Jul 28 17:14:05 2014 -0500

    updated again

commit d32d33e6f8ddc5a5e8587c601a8009ef1b4f8083
Author: jimmybradford <thefonnzy@gmail.com>
Date:   Fri Jul 25 19:24:07 2014 +0000

    Hopefully the final commit for IDB2. Added commit log, fixes #32

commit 0f3985c6b1a7ce3a3144afd9da08d3bbb255e6be
Author: jimmybradford <thefonnzy@gmail.com>
Date:   Fri Jul 25 19:23:55 2014 +0000

    Hopefully the final commit for IDB2. Added commit log, fixes #32

commit b31d037012581029ebf3187434593cedfa735a5c
Author: Samantha Cooper <skc853@cs.utexas.edu>
Date:   Fri Jul 25 14:00:13 2014 -0500

    Adding revised technical report, fixes #28, fixes # 29

commit 7a54bace0285fc5ed418511a711dce6b180f1e90
Author: skcooper <skn.cooper@gmail.com>
Date:   Thu Jul 24 18:26:31 2014 -0500

    Update apiary.apib

commit 8a902414b72b67caa70692626dd5cb00e69e412b
Author: jimmybradford <thefonnzy@gmail.com>
Date:   Thu Jul 24 17:14:40 2014 +0000

    Implemented API and added API tests

commit 39b95d9ec4dfde22e7d7e7aed0fbbbb68d3cd19b
Author: jimmybradford <thefonnzy@gmail.com>
Date:   Wed Jul 23 19:06:31 2014 -0500

    Transferring blueprint from apiary.io

commit 78bf076275a5a7f11708a17e0bf1fe56a0cb7867
Merge: 03c20a7 7b518e9
Author: jimmybradford <thefonnzy@gmail.com>
Date:   Wed Jul 23 22:03:09 2014 +0000

    Merge branch 'master' of https://github.com/jimmybradford/cs373-idb

commit 03c20a74015165656f108035834c0c77f02fee8f
Author: jimmybradford <thefonnzy@gmail.com>
Date:   Wed Jul 23 22:02:09 2014 +0000

    another commit

commit 7b518e9ba11ce9063c6bdf2346963285c2e464ba
Author: jimmybradford <thefonnzy@gmail.com>
Date:   Wed Jul 23 13:41:36 2014 -0500

    MORE HEADACHES

commit b1d6ad0136519d1ab9b07f0639ab7f191957f660
Author: jimmybradford <thefonnzy@gmail.com>
Date:   Wed Jul 23 13:40:17 2014 -0500

    Apiary.io was poorly designed...HEADACHES.

commit 136d0563a596dd29078afa0494ffe92af2e6d1ff
Author: jimmybradford <thefonnzy@gmail.com>
Date:   Wed Jul 23 02:34:43 2014 +0000

    almost done

commit cb9721650d3fc4e8410bc4217078dff7a176b45f
Author: Samantha Cooper <skc853@cs.utexas.edu>
Date:   Thu Jul 10 22:07:34 2014 -0500

    Added log

commit a27a6b5bec8de40749067aea57af9e31f14a5ba9
Merge: 59d3eeb 7820806
Author: Samantha Cooper <skc853@cs.utexas.edu>
Date:   Thu Jul 10 21:50:20 2014 -0500

    Merge branch 'master' of https://github.com/jimmybradford/cs373-idb

commit 59d3eeb4f3ac6ec3ad34cead6f1b69210a617273
Author: Samantha Cooper <skc853@cs.utexas.edu>
Date:   Thu Jul 10 21:49:07 2014 -0500

    Added report

commit 7820806091c92a790a68f39b7c6380b9e297c7b3
Author: skcooper <skn.cooper@gmail.com>
Date:   Thu Jul 10 21:34:47 2014 -0500

    Delete tests.out

commit e9d861f7c399a444576729fc7c9d6b903a5c0d4f
Author: jimmybradford <thefonnzy@gmail.com>
Date:   Fri Jul 11 02:34:32 2014 +0000

    Added test.out

commit dcfcedb0382c0454e62ad304856933e33ea42879
Author: jimmybradford <thefonnzy@gmail.com>
Date:   Fri Jul 11 02:32:40 2014 +0000

    Added models.html

commit c68f98df4e7f0a8aca104598a4a1a7552ac6a252
Author: jimmybradford <thefonnzy@gmail.com>
Date:   Fri Jul 11 01:24:44 2014 +0000

    Added models.html

commit a2c8eed0304bd0aafef45d9951c25718fd5d3390
Merge: 3b763c4 3051d2f
Author: jimmybradford <thefonnzy@gmail.com>
Date:   Thu Jul 10 23:24:13 2014 +0000

    Merge branch 'master' of https://github.com/jimmybradford/cs373-idb

commit 3b763c49d963e65e126ae97f3c75c50b5e5693b0
Author: jimmybradford <thefonnzy@gmail.com>
Date:   Thu Jul 10 23:23:56 2014 +0000

    Changed some glyphicons, added to about page

commit d8352f31e7fc3701853d0b0b9f064d9f36ce967b
Author: jimmybradford <thefonnzy@gmail.com>
Date:   Thu Jul 10 22:42:48 2014 +0000

    site done again

commit 3051d2f60eceee1f2c0497b3b7bcc632fc89d8fd
Author: jimmybradford <thefonnzy@gmail.com>
Date:   Thu Jul 10 16:46:26 2014 -0500

    recipes api done

commit e484dccf004c8f2f075724d5cc7682d1373a7db4
Author: jimmybradford <thefonnzy@gmail.com>
Date:   Thu Jul 10 16:16:06 2014 -0500

    more stuff api

commit 7d34f4145baabb627f3ebd8a4fc45bcbb8ce402d
Author: jimmybradford <thefonnzy@gmail.com>
Date:   Thu Jul 10 15:58:58 2014 -0500

    Regions kinda done

commit e918d2bcdb7e0297ba928c48a7d5f1adcec79612
Author: jimmybradford <thefonnzy@gmail.com>
Date:   Thu Jul 10 20:52:35 2014 +0000

    Added some unit tests

commit 54a7a914a8c77cc4a30a1f190a3a65ad68398080
Author: jimmybradford <thefonnzy@gmail.com>
Date:   Thu Jul 10 15:32:53 2014 -0500

    api chefs almost done

commit 80a3c0d4c747af31bdeb6e2521e95ac899bd4410
Author: jimmybradford <thefonnzy@gmail.com>
Date:   Thu Jul 10 15:23:02 2014 -0500

    moreeeee

commit cc81ce388db4195e39b3aff021486ba1e2cb18fa
Author: jimmybradford <thefonnzy@gmail.com>
Date:   Thu Jul 10 15:12:51 2014 -0500

    more

commit 8549c5b94c21e197a54bc507d64581e617682f20
Author: jimmybradford <thefonnzy@gmail.com>
Date:   Thu Jul 10 15:03:23 2014 -0500

    MORE

commit 7212ec6a360dfdd71a1d5a5fb5a91bde7f8e34d6
Author: jimmybradford <thefonnzy@gmail.com>
Date:   Thu Jul 10 14:40:12 2014 -0500

    more

commit ecf565d4160210a13bd295657e5dc4f8a0092ef0
Author: jimmybradford <thefonnzy@gmail.com>
Date:   Thu Jul 10 14:35:43 2014 -0500

    more stuff

commit 53e6afc7bc65be78786aee0e7390c2950fbaee7f
Author: jimmybradford <thefonnzy@gmail.com>
Date:   Thu Jul 10 14:11:09 2014 -0500

    more data added to api

commit 0606350706071b847e11e1568b81abfd0d1d88df
Author: jimmybradford <thefonnzy@gmail.com>
Date:   Thu Jul 10 18:09:16 2014 +0000

    Added some unit tests, fixes #19

commit eb951655b4afe12a2e37151dcf7f466e3d41d37d
Author: jimmybradford <thefonnzy@gmail.com>
Date:   Wed Jul 9 23:41:40 2014 -0500

    Transferring blueprint from apiary.io

commit 81bfdfaaa828135708dfb1844f09b5ec9b5da783
Author: jimmybradford <thefonnzy@gmail.com>
Date:   Wed Jul 9 22:35:22 2014 +0000

    Site Done, I think.

commit 6e8ff830a73fe1573aabfeab9cf75bce97b7c389
Author: jimmybradford <thefonnzy@gmail.com>
Date:   Wed Jul 9 20:38:28 2014 +0000

    Completed 9 unit tests, fixes issue #2, fixes issue #3

commit 842731163ab9176d7acce24319470c7be4f65bcf
Author: jimmybradford <thefonnzy@gmail.com>
Date:   Wed Jul 9 19:47:08 2014 +0000

    Added comments to model classes, and added unit tests

commit b965a96a3af7fe84f45a2c8b4e5cfe725889989c
Author: jimmybradford <thefonnzy@gmail.com>
Date:   Wed Jul 9 19:19:10 2014 +0000

    Most initial pages are filled in, fixes #17, fixes #18

commit 0a690dc0a70b5c699a158099edf86af4f81e927f
Author: jimmybradford <thefonnzy@gmail.com>
Date:   Tue Jul 8 20:40:11 2014 +0000

    Fixes #12. Lots of pictures added, favicon added, pictures formatted and postioned, and various other small things

commit c3706c9ccc4d2920492c71c4a1b5ccaf780d158f
Author: Samantha Cooper <skc853@cs.utexas.edu>
Date:   Mon Jul 7 16:00:58 2014 -0500

    Adding report rough draft

commit 3113e422075cfe906d0d44ff6cb073c13611c99d
Author: jimmybradford <thefonnzy@gmail.com>
Date:   Mon Jul 7 20:51:28 2014 +0000

    Added some stuff for models, added a few more html pages

commit 94e7e51a541f699169bcc7f9e4f679aa68241625
Author: jimmybradford <thefonnzy@gmail.com>
Date:   Mon Jul 7 20:17:49 2014 +0000

    Added some files necessary for django

commit 49dc6fb162c1e7ed40f538c4c955f0813df6dac9
Author: jimmybradford <thefonnzy@gmail.com>
Date:   Mon Jul 7 19:38:58 2014 +0000

    first commit
